<?xml version="1.0" encoding="UTF-8"?>
<testng-results skipped="0" failed="0" ignored="3" total="4" passed="1">
  <reporter-output>
  </reporter-output>
  <suite name="Default suite" duration-ms="17308" started-at="2019-12-17T09:03:42Z" finished-at="2019-12-17T09:03:59Z">
    <groups>
    </groups>
    <test name="Default test" duration-ms="17308" started-at="2019-12-17T09:03:42Z" finished-at="2019-12-17T09:03:59Z">
      <class name="com.qa.testscript.Demo">
        <test-method status="PASS" signature="Report_setup()[pri:0, instance:com.qa.testscript.Demo@598067a5]" name="Report_setup" is-config="true" duration-ms="248" started-at="2019-12-17T09:03:41Z" finished-at="2019-12-17T09:03:42Z">
          <reporter-output>
          </reporter-output>
        </test-method> <!-- Report_setup -->
        <test-method status="PASS" signature="setup()[pri:0, instance:com.qa.testscript.Demo@598067a5]" name="setup" is-config="true" duration-ms="16601" started-at="2019-12-17T09:03:42Z" finished-at="2019-12-17T09:03:58Z">
          <reporter-output>
          </reporter-output>
        </test-method> <!-- setup -->
        <test-method status="PASS" signature="beforeMethod(java.lang.reflect.Method)[pri:0, instance:com.qa.testscript.Demo@598067a5]" name="beforeMethod" is-config="true" duration-ms="5" started-at="2019-12-17T09:03:58Z" finished-at="2019-12-17T09:03:58Z">
          <params>
            <param index="0">
              <value>
                <![CDATA[public void com.qa.testscript.Demo.run3()]]>
              </value>
            </param>
          </params>
          <reporter-output>
          </reporter-output>
        </test-method> <!-- beforeMethod -->
        <test-method status="PASS" signature="run3()[pri:0, instance:com.qa.testscript.Demo@598067a5]" name="run3" duration-ms="5" started-at="2019-12-17T09:03:58Z" finished-at="2019-12-17T09:03:58Z">
          <reporter-output>
          </reporter-output>
        </test-method> <!-- run3 -->
        <test-method status="PASS" signature="afterMethod()[pri:0, instance:com.qa.testscript.Demo@598067a5]" name="afterMethod" is-config="true" duration-ms="0" started-at="2019-12-17T09:03:58Z" finished-at="2019-12-17T09:03:58Z">
          <reporter-output>
          </reporter-output>
        </test-method> <!-- afterMethod -->
        <test-method status="PASS" signature="tearDown()[pri:0, instance:com.qa.testscript.Demo@598067a5]" name="tearDown" is-config="true" duration-ms="672" started-at="2019-12-17T09:03:58Z" finished-at="2019-12-17T09:03:59Z">
          <reporter-output>
          </reporter-output>
        </test-method> <!-- tearDown -->
        <test-method status="PASS" signature="report_flush()[pri:0, instance:com.qa.testscript.Demo@598067a5]" name="report_flush" is-config="true" duration-ms="599" started-at="2019-12-17T09:03:59Z" finished-at="2019-12-17T09:04:00Z">
          <reporter-output>
          </reporter-output>
        </test-method> <!-- report_flush -->
      </class> <!-- com.qa.testscript.Demo -->
    </test> <!-- Default test -->
  </suite> <!-- Default suite -->
</testng-results>
