<?xml version="1.0" encoding="UTF-8"?>
<testng-results skipped="0" failed="0" ignored="0" total="1" passed="1">
  <reporter-output>
  </reporter-output>
  <suite name="Default suite" duration-ms="46039" started-at="2020-01-23T09:02:15Z" finished-at="2020-01-23T09:03:01Z">
    <groups>
    </groups>
    <test name="Default test" duration-ms="46039" started-at="2020-01-23T09:02:15Z" finished-at="2020-01-23T09:03:01Z">
      <class name="com.qa.testscript.Dynamic">
        <test-method status="PASS" signature="Report_setup()[pri:0, instance:com.qa.testscript.Dynamic@3c0ecd4b]" name="Report_setup" is-config="true" duration-ms="391" started-at="2020-01-23T09:02:14Z" finished-at="2020-01-23T09:02:15Z">
          <reporter-output>
          </reporter-output>
        </test-method> <!-- Report_setup -->
        <test-method status="PASS" signature="setup()[pri:0, instance:com.qa.testscript.Dynamic@3c0ecd4b]" name="setup" is-config="true" duration-ms="39633" started-at="2020-01-23T09:02:15Z" finished-at="2020-01-23T09:02:54Z">
          <reporter-output>
          </reporter-output>
        </test-method> <!-- setup -->
        <test-method status="PASS" signature="beforeMethod(org.testng.ITestResult)[pri:0, instance:com.qa.testscript.Dynamic@3c0ecd4b]" name="beforeMethod" is-config="true" duration-ms="17" started-at="2020-01-23T09:02:54Z" finished-at="2020-01-23T09:02:54Z">
          <params>
            <param index="0">
              <value>
                <![CDATA[[TestResult name=test status=SUCCESS method=Dynamic.test()[pri:0, instance:com.qa.testscript.Dynamic@3c0ecd4b] output={null}]]]>
              </value>
            </param>
          </params>
          <reporter-output>
          </reporter-output>
        </test-method> <!-- beforeMethod -->
        <test-method status="PASS" signature="test()[pri:0, instance:com.qa.testscript.Dynamic@3c0ecd4b]" name="test" duration-ms="6294" started-at="2020-01-23T09:02:54Z" finished-at="2020-01-23T09:03:01Z">
          <reporter-output>
          </reporter-output>
        </test-method> <!-- test -->
        <test-method status="PASS" signature="afterMethod(org.testng.ITestResult)[pri:0, instance:com.qa.testscript.Dynamic@3c0ecd4b]" name="afterMethod" is-config="true" duration-ms="28" started-at="2020-01-23T09:03:01Z" finished-at="2020-01-23T09:03:01Z">
          <params>
            <param index="0">
              <value>
                <![CDATA[[TestResult name=test status=SUCCESS method=Dynamic.test()[pri:0, instance:com.qa.testscript.Dynamic@3c0ecd4b] output={null}]]]>
              </value>
            </param>
          </params>
          <reporter-output>
          </reporter-output>
        </test-method> <!-- afterMethod -->
        <test-method status="PASS" signature="tearDown()[pri:0, instance:com.qa.testscript.Dynamic@3c0ecd4b]" name="tearDown" is-config="true" duration-ms="0" started-at="2020-01-23T09:03:01Z" finished-at="2020-01-23T09:03:01Z">
          <reporter-output>
          </reporter-output>
        </test-method> <!-- tearDown -->
        <test-method status="PASS" signature="report_flush()[pri:0, instance:com.qa.testscript.Dynamic@3c0ecd4b]" name="report_flush" is-config="true" duration-ms="1773" started-at="2020-01-23T09:03:01Z" finished-at="2020-01-23T09:03:03Z">
          <reporter-output>
          </reporter-output>
        </test-method> <!-- report_flush -->
      </class> <!-- com.qa.testscript.Dynamic -->
    </test> <!-- Default test -->
  </suite> <!-- Default suite -->
</testng-results>
