<?xml version="1.0" encoding="UTF-8"?>
<!-- Generated by org.testng.reporters.JUnitXMLReporter -->
<testsuite hostname="GDC-NitinTh-LPT" ignored="3" name="Default test" tests="1" failures="0" timestamp="17 Dec 2019 09:03:59 GMT" time="17.308" errors="0">
  <testcase name="run3" time="0.005" classname="com.qa.testscript.Demo"/>
  <testcase name="run" time="0.0" classname="com.qa.testscript.Demo">
    <ignored/>
  </testcase> <!-- run -->
  <testcase name="run2" time="0.0" classname="com.qa.testscript.Demo">
    <ignored/>
  </testcase> <!-- run2 -->
  <testcase name="link_verification_home" time="0.0" classname="com.qa.testscript.Demo">
    <ignored/>
  </testcase> <!-- link_verification_home -->
</testsuite> <!-- Default test -->
