<?xml version="1.0" encoding="UTF-8"?>
<!-- Generated by org.testng.reporters.JUnitXMLReporter -->
<testsuite hostname="GDC-NitinTh-LPT" ignored="4" name="Test" tests="9" failures="1" timestamp="06 Jan 2020 07:32:35 GMT" time="23.366" errors="0">
  <testcase name="@BeforeMethod beforeMethod" time="0.001" classname="com.qa.base.BaseClass">
    <failure type="java.lang.NullPointerException">
      <![CDATA[java.lang.NullPointerException
at com.qa.base.BaseClass.beforeMethod(BaseClass.java:102)
... Removed 28 stack frames]]>
    </failure>
  </testcase> <!-- @BeforeMethod beforeMethod -->
  <testcase name="@AfterMethod afterMethod" time="0.0" classname="com.qa.base.BaseClass">
    <skipped/>
  </testcase> <!-- @AfterMethod afterMethod -->
  <testcase name="@BeforeMethod beforeMethod" time="0.0" classname="com.qa.base.BaseClass">
    <skipped/>
  </testcase> <!-- @BeforeMethod beforeMethod -->
  <testcase name="@AfterMethod afterMethod" time="0.0" classname="com.qa.base.BaseClass">
    <skipped/>
  </testcase> <!-- @AfterMethod afterMethod -->
  <testcase name="@BeforeMethod beforeMethod" time="0.0" classname="com.qa.base.BaseClass">
    <skipped/>
  </testcase> <!-- @BeforeMethod beforeMethod -->
  <testcase name="@AfterMethod afterMethod" time="0.0" classname="com.qa.base.BaseClass">
    <skipped/>
  </testcase> <!-- @AfterMethod afterMethod -->
  <testcase name="@AfterClass tearDown" time="0.0" classname="com.qa.base.BaseClass">
    <skipped/>
  </testcase> <!-- @AfterClass tearDown -->
  <testcase name="@BeforeClass setup" time="0.0" classname="com.qa.base.BaseClass">
    <skipped/>
  </testcase> <!-- @BeforeClass setup -->
  <testcase name="@BeforeMethod beforeMethod" time="0.0" classname="com.qa.base.BaseClass">
    <skipped/>
  </testcase> <!-- @BeforeMethod beforeMethod -->
  <testcase name="@AfterMethod afterMethod" time="0.0" classname="com.qa.base.BaseClass">
    <skipped/>
  </testcase> <!-- @AfterMethod afterMethod -->
  <testcase name="@BeforeMethod beforeMethod" time="0.0" classname="com.qa.base.BaseClass">
    <skipped/>
  </testcase> <!-- @BeforeMethod beforeMethod -->
  <testcase name="@AfterMethod afterMethod" time="0.0" classname="com.qa.base.BaseClass">
    <skipped/>
  </testcase> <!-- @AfterMethod afterMethod -->
  <testcase name="@BeforeMethod beforeMethod" time="0.0" classname="com.qa.base.BaseClass">
    <skipped/>
  </testcase> <!-- @BeforeMethod beforeMethod -->
  <testcase name="@AfterMethod afterMethod" time="0.0" classname="com.qa.base.BaseClass">
    <skipped/>
  </testcase> <!-- @AfterMethod afterMethod -->
  <testcase name="@AfterClass tearDown" time="0.0" classname="com.qa.base.BaseClass">
    <skipped/>
  </testcase> <!-- @AfterClass tearDown -->
  <testcase name="TC_LA_01" time="0.009" classname="com.qa.testscript.Demo">
    <failure type="java.lang.NullPointerException">
      <![CDATA[java.lang.NullPointerException
at com.qa.testscript.Demo.TC_LA_01(Demo.java:15)
... Removed 25 stack frames]]>
    </failure>
  </testcase> <!-- TC_LA_01 -->
  <testcase name="run2" time="0.0" classname="com.qa.testscript.Demo"/>
  <testcase name="run3" time="0.003" classname="com.qa.testscript.Demo"/>
  <testcase name="TC_LA_01" time="0.0" classname="com.qa.testscript.Demo1">
    <skipped/>
  </testcase> <!-- TC_LA_01 -->
  <testcase name="run2" time="0.0" classname="com.qa.testscript.Demo1">
    <skipped/>
  </testcase> <!-- run2 -->
  <testcase name="run3" time="0.0" classname="com.qa.testscript.Demo1">
    <skipped/>
  </testcase> <!-- run3 -->
  <testcase name="TC_LA_01" time="0.0" classname="com.qa.testscript.Demo2">
    <skipped/>
  </testcase> <!-- TC_LA_01 -->
  <testcase name="run2" time="0.0" classname="com.qa.testscript.Demo2">
    <skipped/>
  </testcase> <!-- run2 -->
  <testcase name="run3" time="0.0" classname="com.qa.testscript.Demo2">
    <skipped/>
  </testcase> <!-- run3 -->
  <testcase name="@AfterSuite report_flush" time="0.0" classname="com.qa.base.BaseClass">
    <ignored/>
  </testcase> <!-- @AfterSuite report_flush -->
  <testcase name="@AfterSuite report_flush" time="0.0" classname="com.qa.base.BaseClass">
    <ignored/>
  </testcase> <!-- @AfterSuite report_flush -->
  <testcase name="@BeforeSuite Report_setup" time="0.0" classname="com.qa.base.BaseClass">
    <ignored/>
  </testcase> <!-- @BeforeSuite Report_setup -->
  <testcase name="@BeforeSuite Report_setup" time="0.0" classname="com.qa.base.BaseClass">
    <ignored/>
  </testcase> <!-- @BeforeSuite Report_setup -->
</testsuite> <!-- Test -->
